Base path: 'C:/Program Files/Unity/Hub/Editor/2019.2.16f1/Editor/Data', plugins path 'C:/Program Files/Unity/Hub/Editor/2019.2.16f1/Editor/Data/PlaybackEngines'
Cmd: initializeCompiler
Cmd: compileComputeKernel
  api=14 insize=10127 outsize=5019 ok=1
Cmd: translateComputeKernel
  api=14 insize=5023 outsize=8658 ok=1
Cmd: compileComputeKernel
  api=14 insize=3675 outsize=2524 ok=1
Cmd: translateComputeKernel
  api=14 insize=2524 outsize=4335 ok=1
Cmd: compileComputeKernel
  api=14 insize=1687 outsize=2414 ok=1
Cmd: translateComputeKernel
  api=14 insize=2414 outsize=3381 ok=1
Cmd: compileComputeKernel
  api=4 insize=3044 outsize=223 ok=1
Cmd: compileComputeKernel
  api=4 insize=5440 outsize=2135 ok=1
Cmd: compileComputeKernel
  api=4 insize=4892 outsize=2207 ok=1
Cmd: compileComputeKernel
  api=14 insize=3675 outsize=2524 ok=1
Cmd: translateComputeKernel
  api=14 insize=2524 outsize=4334 ok=1
Cmd: compileComputeKernel
  api=14 insize=4029 outsize=2627 ok=1
Cmd: compileComputeKernel
  api=4 insize=4912 outsize=2207 ok=1
Cmd: compileComputeKernel
  api=14 insize=5638 outsize=3634 ok=1
Cmd: translateComputeKernel
  api=14 insize=3634 outsize=5197 ok=1
Cmd: compileSnippet
  api=4 type=0 insize=10526 outsize=1622 kw=UNITY_PASS_FORWARDBASE pd=UNITY_ENABLE_REFLECTION_BUFFERS UNITY_USE_DITHER_MASK_FOR_ALPHABLENDED_SHADOWS UNITY_PBS_USE_BRDF1 UNITY_SPECCUBE_BOX_PROJECTION UNITY_SPECCUBE_BLENDING UNITY_ENABLE_DETAIL_NORMALMAP SHADER_API_DESKTOP UNITY_COLORSPACE_GAMMA UNITY_LIGHT_PROBE_PROXY_VOLUME UNITY_LIGHTMAP_FULL_HDR ok=1
Cmd: compileSnippet
  api=4 type=1 insize=12061 outsize=426 kw=UNITY_PASS_FORWARDBASE pd=UNITY_ENABLE_REFLECTION_BUFFERS UNITY_USE_DITHER_MASK_FOR_ALPHABLENDED_SHADOWS UNITY_PBS_USE_BRDF1 UNITY_SPECCUBE_BOX_PROJECTION UNITY_SPECCUBE_BLENDING UNITY_ENABLE_DETAIL_NORMALMAP SHADER_API_DESKTOP UNITY_COLORSPACE_GAMMA UNITY_LIGHT_PROBE_PROXY_VOLUME UNITY_LIGHTMAP_FULL_HDR ok=1
Cmd: compileSnippet
  api=4 type=0 insize=1596 outsize=3214 kw=UNITY_PASS_FORWARDBASE DIRECTIONAL SHADOWS_SCREEN LIGHTPROBE_SH _EMISSION VERTEXLIGHT_ON _NORMALMAP _METALLICGLOSSMAP pd=UNITY_ENABLE_REFLECTION_BUFFERS UNITY_USE_DITHER_MASK_FOR_ALPHABLENDED_SHADOWS UNITY_PBS_USE_BRDF1 UNITY_SPECCUBE_BOX_PROJECTION UNITY_SPECCUBE_BLENDING UNITY_ENABLE_DETAIL_NORMALMAP SHADER_API_DESKTOP UNITY_COLORSPACE_GAMMA UNITY_LIGHT_PROBE_PROXY_VOLUME UNITY_LIGHTMAP_FULL_HDR ok=1
Cmd: compileComputeKernel
  api=4 insize=5634 outsize=2486 ok=1
Cmd: compileComputeKernel
  api=4 insize=1688 outsize=1398 ok=1
Cmd: compileComputeKernel
  api=14 insize=3681 outsize=2524 ok=1
Cmd: translateComputeKernel
  api=14 insize=2524 outsize=4335 ok=1
Cmd: compileComputeKernel
  api=4 insize=3681 outsize=1508 ok=1
Cmd: compileSnippet
  api=4 type=1 insize=12621 outsize=426 kw=UNITY_PASS_FORWARDBASE pd=UNITY_ENABLE_REFLECTION_BUFFERS UNITY_USE_DITHER_MASK_FOR_ALPHABLENDED_SHADOWS UNITY_PBS_USE_BRDF1 UNITY_SPECCUBE_BOX_PROJECTION UNITY_SPECCUBE_BLENDING UNITY_ENABLE_DETAIL_NORMALMAP SHADER_API_DESKTOP UNITY_COLORSPACE_GAMMA UNITY_LIGHT_PROBE_PROXY_VOLUME UNITY_LIGHTMAP_FULL_HDR ok=1
Cmd: compileComputeKernel
  api=4 insize=5447 outsize=2489 ok=1
