Base path: 'C:/Program Files/Unity/Hub/Editor/2019.2.16f1/Editor/Data', plugins path 'C:/Program Files/Unity/Hub/Editor/2019.2.16f1/Editor/Data/PlaybackEngines'
Cmd: initializeCompiler
Cmd: compileComputeKernel
  api=14 insize=1372 outsize=1424 ok=1
Cmd: translateComputeKernel
  api=14 insize=1373 outsize=1510 ok=1
Cmd: compileComputeKernel
  api=14 insize=4562 outsize=3343 ok=1
Cmd: translateComputeKernel
  api=14 insize=3343 outsize=7486 ok=1
Cmd: compileComputeKernel
  api=14 insize=10127 outsize=3434 ok=1
Cmd: compileComputeKernel
  api=4 insize=10127 outsize=4256 ok=1
Cmd: translateComputeKernel
  api=14 insize=5054 outsize=8976 ok=1
Cmd: compileComputeKernel
  api=14 insize=3044 outsize=495 ok=1
Cmd: translateComputeKernel
  api=14 insize=495 outsize=301 ok=1
Cmd: compileComputeKernel
  api=14 insize=1615 outsize=1930 ok=1
Cmd: translateComputeKernel
  api=14 insize=1930 outsize=2175 ok=1
Cmd: compileComputeKernel
  api=14 insize=5440 outsize=2967 ok=1
Cmd: compileComputeKernel
  api=14 insize=4892 outsize=3231 ok=1
Cmd: compileSnippet
  api=4 type=0 insize=12519 outsize=3354 kw=UNITY_PASS_FORWARDBASE pd=UNITY_ENABLE_REFLECTION_BUFFERS UNITY_USE_DITHER_MASK_FOR_ALPHABLENDED_SHADOWS UNITY_PBS_USE_BRDF1 UNITY_SPECCUBE_BOX_PROJECTION UNITY_SPECCUBE_BLENDING UNITY_ENABLE_DETAIL_NORMALMAP SHADER_API_DESKTOP UNITY_COLORSPACE_GAMMA UNITY_LIGHT_PROBE_PROXY_VOLUME UNITY_LIGHTMAP_FULL_HDR ok=1
Cmd: compileComputeKernel
  api=14 insize=4892 outsize=3215 ok=1
Cmd: translateComputeKernel
  api=14 insize=3215 outsize=4832 ok=1
Cmd: compileComputeKernel
  api=14 insize=4736 outsize=2769 ok=1
Cmd: translateComputeKernel
  api=14 insize=2769 outsize=4136 ok=1
Cmd: compileComputeKernel
  api=4 insize=4500 outsize=2058 ok=1
Cmd: compileComputeKernel
  api=14 insize=4908 outsize=3231 ok=1
Cmd: translateComputeKernel
  api=14 insize=3231 outsize=4844 ok=1
Cmd: compileComputeKernel
  api=14 insize=1689 outsize=2414 ok=1
Cmd: translateComputeKernel
  api=14 insize=2414 outsize=3383 ok=1
Cmd: compileComputeKernel
  api=14 insize=4912 outsize=3231 ok=1
Cmd: compileComputeKernel
  api=14 insize=3709 outsize=2524 ok=1
Cmd: translateComputeKernel
  api=14 insize=2524 outsize=4343 ok=1
Cmd: compileComputeKernel
  api=14 insize=1690 outsize=2414 ok=1
Cmd: translateComputeKernel
  api=14 insize=2414 outsize=3383 ok=1
Cmd: compileComputeKernel
  api=14 insize=5050 outsize=3375 ok=1
Cmd: translateComputeKernel
  api=14 insize=3375 outsize=5761 ok=1
Cmd: compileSnippet
  api=4 type=1 insize=10526 outsize=426 kw=UNITY_PASS_FORWARDBASE pd=UNITY_ENABLE_REFLECTION_BUFFERS UNITY_USE_DITHER_MASK_FOR_ALPHABLENDED_SHADOWS UNITY_PBS_USE_BRDF1 UNITY_SPECCUBE_BOX_PROJECTION UNITY_SPECCUBE_BLENDING UNITY_ENABLE_DETAIL_NORMALMAP SHADER_API_DESKTOP UNITY_COLORSPACE_GAMMA UNITY_LIGHT_PROBE_PROXY_VOLUME UNITY_LIGHTMAP_FULL_HDR ok=1
Cmd: compileSnippet
  api=4 type=0 insize=11388 outsize=2518 kw=UNITY_PASS_FORWARDBASE pd=UNITY_ENABLE_REFLECTION_BUFFERS UNITY_USE_DITHER_MASK_FOR_ALPHABLENDED_SHADOWS UNITY_PBS_USE_BRDF1 UNITY_SPECCUBE_BOX_PROJECTION UNITY_SPECCUBE_BLENDING UNITY_ENABLE_DETAIL_NORMALMAP SHADER_API_DESKTOP UNITY_COLORSPACE_GAMMA UNITY_LIGHT_PROBE_PROXY_VOLUME UNITY_LIGHTMAP_FULL_HDR ok=1
Cmd: compileComputeKernel
  api=14 insize=5630 outsize=3662 ok=1
Cmd: translateComputeKernel
  api=14 insize=3662 outsize=5578 ok=1
Cmd: compileComputeKernel
  api=14 insize=5034 outsize=3403 ok=1
Cmd: translateComputeKernel
  api=14 insize=3403 outsize=6079 ok=1
Cmd: compileComputeKernel
  api=4 insize=5040 outsize=2179 ok=1
Cmd: compileSnippet
  api=4 type=0 insize=1596 outsize=2854 kw=UNITY_PASS_FORWARDBASE DIRECTIONAL SHADOWS_SCREEN LIGHTPROBE_SH VERTEXLIGHT_ON pd=UNITY_ENABLE_REFLECTION_BUFFERS UNITY_USE_DITHER_MASK_FOR_ALPHABLENDED_SHADOWS UNITY_PBS_USE_BRDF1 UNITY_SPECCUBE_BOX_PROJECTION UNITY_SPECCUBE_BLENDING UNITY_ENABLE_DETAIL_NORMALMAP SHADER_API_DESKTOP UNITY_COLORSPACE_GAMMA UNITY_LIGHT_PROBE_PROXY_VOLUME UNITY_LIGHTMAP_FULL_HDR ok=1
Cmd: compileSnippet
  api=4 type=0 insize=1596 outsize=3106 kw=UNITY_PASS_FORWARDBASE DIRECTIONAL LIGHTPROBE_SH _EMISSION VERTEXLIGHT_ON _NORMALMAP _METALLICGLOSSMAP pd=UNITY_ENABLE_REFLECTION_BUFFERS UNITY_USE_DITHER_MASK_FOR_ALPHABLENDED_SHADOWS UNITY_PBS_USE_BRDF1 UNITY_SPECCUBE_BOX_PROJECTION UNITY_SPECCUBE_BLENDING UNITY_ENABLE_DETAIL_NORMALMAP SHADER_API_DESKTOP UNITY_COLORSPACE_GAMMA UNITY_LIGHT_PROBE_PROXY_VOLUME UNITY_LIGHTMAP_FULL_HDR ok=1
Cmd: compileComputeKernel
  api=14 insize=5634 outsize=3662 ok=1
Cmd: translateComputeKernel
  api=14 insize=3662 outsize=5580 ok=1
Cmd: compileComputeKernel
  api=14 insize=4955 outsize=3297 ok=1
Cmd: compileSnippet
  api=4 type=0 insize=12092 outsize=2814 kw=UNITY_PASS_FORWARDBASE pd=UNITY_ENABLE_REFLECTION_BUFFERS UNITY_USE_DITHER_MASK_FOR_ALPHABLENDED_SHADOWS UNITY_PBS_USE_BRDF1 UNITY_SPECCUBE_BOX_PROJECTION UNITY_SPECCUBE_BLENDING UNITY_ENABLE_DETAIL_NORMALMAP SHADER_API_DESKTOP UNITY_COLORSPACE_GAMMA UNITY_LIGHT_PROBE_PROXY_VOLUME UNITY_LIGHTMAP_FULL_HDR ok=1
Cmd: compileComputeKernel
  api=14 insize=5011 outsize=2735 ok=1
Cmd: translateComputeKernel
  api=14 insize=2735 outsize=4990 ok=1
Cmd: compileComputeKernel
  api=14 insize=4896 outsize=3231 ok=1
Cmd: translateComputeKernel
  api=14 insize=3231 outsize=4838 ok=1
Cmd: compileComputeKernel
  api=14 insize=1688 outsize=2414 ok=1
Cmd: translateComputeKernel
  api=14 insize=2414 outsize=3381 ok=1
Cmd: compileSnippet
  api=4 type=0 insize=12817 outsize=4110 kw=UNITY_PASS_FORWARDBASE pd=UNITY_ENABLE_REFLECTION_BUFFERS UNITY_USE_DITHER_MASK_FOR_ALPHABLENDED_SHADOWS UNITY_PBS_USE_BRDF1 UNITY_SPECCUBE_BOX_PROJECTION UNITY_SPECCUBE_BLENDING UNITY_ENABLE_DETAIL_NORMALMAP SHADER_API_DESKTOP UNITY_COLORSPACE_GAMMA UNITY_LIGHT_PROBE_PROXY_VOLUME UNITY_LIGHTMAP_FULL_HDR ok=1
Cmd: compileComputeKernel
  api=14 insize=5376 outsize=3434 ok=1
Cmd: translateComputeKernel
  api=14 insize=3434 outsize=4953 ok=1
Cmd: compileComputeKernel
  api=14 insize=5466 outsize=3019 ok=1
Cmd: translateComputeKernel
  api=14 insize=3019 outsize=4878 ok=1
